82 78
82 51
82 15
82 74
82 415
82 74
82 411
4 647
82 193
82 63
82 226
82 259
82 217
82 292
82 187
82 65
82 143
82 198
82 334
82 109
82 189
82 14
82 121
82 498
82 25
82 181
82 167
82 8
82 79
82 245
82 35
82 8
82 99
82 363
82 105
82 20
82 18
82 199
82 187
82 158
82 65
82 121
82 105
82 415
82 273
82 63
82 154
82 19
82 121
82 622
82 47
82 530
82 14
82 160
82 65
82 217
82 79
82 622
82 14
82 62
82 136
82 9
82 58
82 40
82 197
82 121
82 32
82 121
82 197
82 15
82 127
82 62
82 2
82 363
82 136
82 132
82 292
82 167
82 189
82 89
82 5
82 32
82 59
82 132
82 24
82 187
82 39
82 66
82 65
82 200
82 154
82 5
82 879
82 105
82 207
82 193
82 58
82 109
82 9
82 334
82 647
82 19
82 99
82 55
82 2
82 363
82 12
82 530
82 69
82 213
82 193
82 74
82 62
82 879
82 147
82 622
82 15
82 411
82 102
82 147
82 51
82 8
82 154
82 143
82 132
82 71
82 71
82 175
82 18
82 158
82 213
82 175
82 9
82 105
82 109
82 167
82 121
82 83
82 59
82 175
82 19
82 9
82 879
82 119
82 175
82 198
82 20
82 40
82 164
82 5
82 132
82 197
82 647
82 118
82 127
82 342
82 9
82 66
82 181
82 181
82 193
82 485
82 89
82 193
82 119
82 102
82 662
82 2
82 411
82 962
82 51
82 20
82 154
82 89
82 213
82 99
82 153
82 197
82 2
82 99
82 325
82 685
82 62
82 158
82 189
82 55
82 65
82 411
82 199
82 59
82 58
82 273
82 485
82 325
82 121
82 141
82 3
82 962
82 40
82 160
82 160
82 24
82 19
82 127
82 200
82 334
82 25
82 962
82 109
82 199
82 24
82 485
82 245
82 102
82 141
82 214
82 71
82 127
82 292
82 193
82 9
82 685
82 84
82 18
82 2
82 181
82 59
82 83
82 143
82 59
82 136
82 16
82 12
82 662
82 69
82 160
82 81
82 295
82 193
4 647
82 5
82 63
82 20
82 58
82 498
82 66
82 342
82 58
82 126
82 143
82 415
82 15
82 126
82 121
82 485
82 69
82 141
82 102
82 334
82 84
82 109
82 147
82 8
82 154
82 78
82 213
82 63
82 181
82 181
82 197
82 295
82 622
82 622
82 84
82 167
82 78
82 66
82 54
82 58
82 189
82 68
82 109
82 411
82 75
82 189
82 78
82 198
82 84
82 14
82 164
82 69
82 18
82 121
82 25
82 65
82 622
82 245
82 109
82 766
82 685
82 766
82 962
82 530
82 415
82 74
82 334
82 63
82 662
82 105
82 19
82 189
82 3
82 622
82 213
82 213
82 79
82 56
82 54
82 415
82 63
82 8
82 126
82 213
82 160
82 143
82 55
82 9
82 47
82 89
82 127
82 685
82 213
82 24
82 530
82 24
82 207
82 143
82 245
82 39
82 685
4 647
82 662
82 74
82 147
82 199
82 16
82 197
82 25
82 325
82 766
82 96
82 622
82 167
82 164
82 56
82 498
82 292
82 19
82 66
82 83
82 200
82 198
82 334
82 259
82 25
82 54
82 71
82 342
82 55
82 217
82 207
82 8
82 96
82 32
82 19
82 81
82 498
82 56
82 154
82 214
82 20
82 167
82 24
82 56
82 54
82 622
82 66
82 47
82 213
82 207
82 105
82 25
82 96
82 207
82 78
82 647
82 83
82 20
82 200
82 63
82 622
82 530
82 40
82 766
82 363
82 83
82 167
82 83
82 16
82 89
82 109
82 334
82 175
82 47
82 962
82 59
82 214
82 9
82 141
82 109
82 14
82 274
82 274
82 74
82 14
82 164
82 167
82 5
82 342
82 14
82 126
82 102
82 59
82 217
82 78
82 121
82 119
82 200
4 647
82 158
82 96
82 189
82 962
82 214
82 197
82 63
82 160
82 40
82 498
82 187
82 411
82 189
82 207
82 65
82 292
82 273
82 39
82 198
82 9
82 63
82 530
82 102
82 647
82 84
82 12
82 411
82 187
82 200
82 530
82 160
82 12
82 199
82 99
82 207
82 35
82 198
82 411
82 879
82 647
82 24
82 181
82 200
82 766
82 79
82 189
82 3
82 79
82 32
82 2
82 132
82 55
82 189
82 485
82 9
82 325
82 118
82 226
82 12
82 16
82 647
82 274
82 15
82 66
82 295
82 119
82 2
82 40
82 96
82 119
82 102
82 47
82 19
82 83
4 647
82 189
4 647
82 118
82 175
82 164
82 199
82 207
82 199
82 74
82 118
82 75
82 200
82 105
82 197
82 622
82 89
82 79
82 662
82 74
82 81
82 35
82 143
82 12
82 109
82 143
82 126
82 485
4 647
82 193
82 213
82 54
82 175
82 74
82 14
4 647
82 56
82 121
82 54
82 273
82 16
82 58
82 102
82 295
82 99
82 198
82 530
82 207
82 47
82 126
82 164
82 20
82 5
82 55
82 25
82 245
82 25
82 662
82 79
82 962
82 59
82 19
82 274
82 54
82 325
82 164
82 20
82 75
4 647
82 200
82 200
82 121
82 14
82 622
82 65
82 25
82 14
82 295
82 662
82 51
82 411
82 109
82 274
82 245
82 68
82 12
82 136
82 20
82 89
82 274
82 15
82 879
82 55
82 198
82 197
82 119
82 66
82 119
82 962
82 189
82 89
82 127
82 415
82 175
82 20
82 685
82 647
82 167
82 766
82 34
82 485
82 18
82 65
82 9
4 647
82 39
82 160
82 485
82 63
82 55
82 78
82 9
82 198
82 58
82 81
82 167
82 14
82 9
82 56
82 662
82 39
82 58
82 160
82 141
82 96
82 274
82 81
82 160
82 109
82 74
82 20
82 5
82 158
82 879
82 295
82 101
82 79
82 153
82 15
82 274
82 198
82 685
82 59
82 245
82 213
82 127
82 65
82 121
82 245
82 8
82 485
82 84
82 56
82 35
82 71
82 295
82 8
82 75
82 199
82 295
82 96
82 160
82 12
82 197
82 2
82 69
82 167
82 411
82 207
82 127
82 181
4 647
82 32
4 647
82 622
82 189
82 105
82 143
82 175
82 295
82 84
82 62
82 132
82 175
82 292
82 58
82 118
82 181
82 662
82 65
82 167
82 3
82 147
82 181
82 259
82 295
82 273
82 498
82 121
82 96
82 187
82 498
82 69
82 498
82 54
82 81
82 14
82 51
82 141
82 200
82 62
82 226
82 118
82 34
82 99
82 25
82 12
82 175
82 68
82 119
82 24
82 213
82 127
82 40
82 16
82 143
82 69
82 81
82 164
82 485
82 119
82 147
82 119
82 20
82 259
82 34
82 498
82 141
82 197
82 71
82 35
82 962
82 24
82 74
82 32
82 35
82 105
82 35
82 51
82 39
4 647
82 259
82 197
82 662
82 84
82 199
82 662
82 153
82 136
82 59
82 226
82 136
82 109
82 58
82 79
82 78
82 5
82 164
82 132
82 5
82 498
82 217
82 962
4 647
82 25
82 8
82 193
82 96
82 5
4 647
82 197
82 74
82 273
82 181
82 47
82 181
82 158
82 71
82 54
82 14
82 56
82 962
82 2
82 102
82 181
82 105
82 15
82 530
4 647
82 5
82 198
82 200
82 32
82 411
82 647
82 40
82 181
82 105
82 647
82 51
82 63
82 89
82 962
82 685
82 226
82 207
82 136
82 647
82 217
82 127
82 96
82 24
82 164
82 81
82 71
82 295
82 19
82 363
82 66
82 189
82 164
4 647
82 39
82 99
82 9
82 84
82 766
82 662
82 530
82 105
82 15
82 99
82 89
82 119
82 65
82 245
82 685
82 200
82 99
82 68
82 109
82 647
82 81
82 415
82 84
82 68
82 193
82 164
82 198
82 63
82 685
82 127
82 273
82 274
82 197
82 74
82 334
82 136
82 207
82 18
82 66
82 181
82 101
82 325
82 83
82 325
82 99
82 200
82 2
82 12
82 259
82 485
82 32
82 66
82 295
82 662
82 189
82 292
82 9
82 35
82 160
82 342
82 24
82 65
82 485
82 119
82 96
82 295
82 101
82 32
82 141
82 39
82 14
82 485
82 105
82 295
82 62
82 226
82 121
82 66
82 32
82 259
82 109
82 14
82 16
82 81
82 136
82 415
82 59
82 622
82 12
82 292
82 71
82 12
82 14
82 415
82 136
82 12
82 56
82 136
82 15
82 213
82 411
82 154
82 143
82 62
82 105
82 78
82 363
82 132
82 325
82 3
82 415
82 136
82 16
82 136
82 58
82 118
82 79
82 99
82 259
82 342
82 59
82 334
82 59
82 59
4 647
82 65
82 2
82 105
82 154
82 51
82 16
82 200
82 5
82 3
82 879
82 213
82 415
805934 76
217774 350
266015 160
274207 274
556486 841
123077 413
929814 343
967498 176
819615 447
38917 695
516069 700
882438 172
739121 334
986200 634
17798 284
966496 87
272413 744
140488 978
168014 585
112557 875
11105 370
539229 343
228794 581
626371 804
829002 286
606742 130
723194 637
888326 488
982049 951
576812 279
571999 590
76340 657
788310 85
930259 332
78951 443
675842 812
228141 946
802824 238
854629 78
237199 551
663497 290
353772 646
659111 79
231792 174
330907 248
34956 716
895232 451
801157 750
446663 918
464714 153
412368 586
121041 641
735052 296
311990 512
788386 524
245507 927
760459 818
80237 497
420833 527
409934 175
906597 501
715681 306
933025 663
706742 672
608295 312
623035 727
581979 238
290222 739
85597 863
256317 778
715377 248
277941 792
766559 261
589478 866
731523 761
927986 418
383205 146
676554 575
406694 252
509440 945
425663 132
761773 853
227365 190
518837 982
189278 411
574808 467
982986 212
610552 480
652267 135
855751 990
12105 788
935922 744
429910 847
656663 928
877478 28
573619 769
72768 144
75430 770
335515 807
385923 885
121659 95
282953 268
512099 184
176663 131
256131 547
908923 130
272528 504
828228 758
259266 961
211830 610
79666 523
650843 212
95520 856
98076 443
568284 817
497285 987
962686 41
321038 588
254465 842
285773 562
359890 947
313719 115
770865 700
450098 497
353695 362
244970 441
199503 325
156053 159
918896 348
555276 527
306062 316
225443 174
171693 521
541347 61
171178 257
1431 392
386267 640
951227 699
635526 490
184510 930
822533 293
867880 231
334327 682
422021 157
667775 548
317376 924
469451 454
63098 545
571727 946
8375 630
791013 188
137927 944
253409 608
437519 969
408836 505
869768 977
963450 391
732867 905
715201 908
646430 982
139405 647
798884 105
525305 198
567156 890
570906 606
687050 807
103896 207
309857 493
797835 882
576116 777
341861 637
248561 587
213430 713
905686 62
199012 936
6005 459
913402 741
409309 807
954606 872
519345 243
568295 1
469449 156
307691 758
648646 696
909654 889
735598 585
261308 629
307549 380
9310 24
489944 722
296333 899
425535 279
930354 562
893047 225
334730 211
705480 338
770224 818
233855 321
951837 431
129812 583
187782 886
532460 794
536402 237
50053 584
294257 493
595768 441
116123 392
473526 193
88485 72
123321 850
819269 236
291565 619
526380 243
424859 581
128230 179
205271 934
849575 23
304161 510
449211 545
366344 549
559018 941
623080 27
204364 564
459829 668
467364 360
805166 609
446519 799
114679 21
128521 252
65053 338
938 218
923266 354
620856 107
286996 782
214624 853
201167 955
113965 845
646589 153
930368 430
893547 863
738126 643
841402 499
891843 135
365016 174
939229 966
343073 446
223619 53
175301 76
655809 600
130121 209
65127 111
538291 252
753758 426
852820 718
805871 985
995147 586
343745 443
808639 926
253362 376
528463 562
902294 133
779560 502
431804 521
660585 809
234455 331
801636 530
595809 149
903299 162
921228 744
659244 983
282890 38
709889 606
237399 419
199670 604
962997 372
469223 932
207038 674
744172 268
910560 697
977473 545
443565 562
846385 363
500626 932
127214 159
132059 181
497940 52
736967 631
933504 600
75418 115
443106 936
995676 909
990378 162
406533 241
459174 988
625810 226
436301 836
69165 675
838993 165
810408 107
388376 901
271519 659
312317 197
372861 673
162630 653
405301 970
793925 97
312859 626
556262 130
858152 818
180338 873
735108 578
569820 259
336048 59
237800 705
833785 366
558999 851
865809 341
192189 945
723178 809
689665 292
381588 498
949857 643
8566 830
757709 267
673359 437
980067 953
73512 920
81617 208
774567 281
893946 141
533084 862
269979 573
65400 139
374756 250
789823 520
400299 31
402185 226
136028 935
698348 266
983837 44
557054 459
958887 209
446318 466
923923 471
879809 362
290331 362
213798 263
977411 546
178401 154
201323 549
784947 640
506919 110
888036 466
351483 886
104303 124
643737 294
193198 676
409090 615
119891 223
851427 104
266376 640
197151 994
747170 113
188198 11
167367 863
704895 146
1113 413
715630 630
150172 889
81245 800
663407 778
322297 916
329217 605
306238 859
294788 656
720343 24
60328 338
751101 686
467582 901
356378 72
237958 813
110884 626
704035 965
832011 569
450874 110
486342 966
929143 554
704887 297
302141 701
921370 275
142950 468
566202 159
704408 367
569817 702
154469 810
777426 880
342835 19
714439 126
817707 355
836210 786
819169 827
306572 842
822801 338
408867 357
992982 810
716775 85
340475 503
791037 941
104767 570
912009 252
269470 494
18245 581
49851 546
613478 38
579886 306
799766 130
661168 882
195319 574
949781 321
524672 277
673810 606
482705 927
46519 83
939633 812
17387 223
994553 231
425404 17
88785 960
259494 276
310782 172
532991 218
307078 774
330596 493
343408 612
105309 552
760747 141
338725 737
37905 78
640332 994
684404 8
186525 715
644241 324
354065 514
881981 961
366556 556
658834 748
220904 244
430030 44
549823 944
343242 347
501633 449
642387 954
579833 680
372952 140
503141 79
618125 236
932099 659
696760 348
693771 906
297961 676
264998 392
964627 566
785386 128
58548 759
360452 896
314945 248
85783 514
544272 488
667633 899
58461 436
614833 702
258385 430
953260 838
977746 969
920122 183
159883 143
969735 421
467254 29
438545 102
314907 257
878969 505
980495 70
122349 863
482376 756
508281 721
812717 842
427504 309
53910 269
366037 853
615494 987
295628 286
621148 881
448256 594
654761 722
581291 696
837414 523
966520 489
267794 49
724997 990
589022 669
233330 177
448283 921
285048 496
470365 701
411975 466
830049 610
581159 625
82329 788
150359 348
738807 843
683131 531
172291 55
545430 309
384836 687
49883 824
474870 283
619340 26
388975 33
504053 609
297969 505
958846 786
704786 785
548475 218
472363 26
310312 105
240719 280
834928 587
907941 166
311198 212
73662 317
599233 172
938997 144
390501 418
96639 498
470367 657
297386 459
433090 106
788511 562
207896 576
31336 599
104205 383
886953 501
433658 898
811531 205
16802 494
858571 425
222672 424
857025 242
831275 335
482313 600
848854 119
413341 707
356494 546
87935 148
727694 213
451214 568
326080 701
207890 46
286080 552
660078 630
340655 543
640670 870
339767 414
40230 218
392891 436
920146 871
457754 762
896167 883
108789 669
67420 413
478597 527
33205 769
600157 138
771083 90
3024 493
82704 493
420974 843
923476 616
719428 831
294543 141
211291 562
220670 668
868735 524
329903 587
215942 857
387256 731
15487 955
310010 344
714520 808
265044 445
578879 480
202264 172
879428 758
154210 72
675923 527
197332 404
355868 831
966166 141
506623 563
473567 615
698104 111
114777 578
25314 565
765103 187
955948 480
41991 596
12460 398
92441 527
866337 815
639087 670
52325 854
477606 934
915075 439
979356 993
70147 831
787153 590
701670 171
896690 847
660090 901
940874 317
564386 717
218889 39
721491 920
842426 152
963916 28
489278 387
996846 396
789799 442
146316 523
593881 83
44381 941
136862 68
881874 720
757457 799
128037 375
78201 700
474443 659
129709 523
693406 756
688101 850
681247 241
42573 827
390372 617
174896 902
21477 940
593272 769
577902 847
460860 333
870178 549
678430 295
186699 812
319612 172
418534 564
567529 264
132007 379
64790 159
234305 228
899257 393
100027 319
126706 957
161187 56
129901 709
865839 954
256041 949
789703 846
602246 896
618515 252
170407 452
184950 813
520645 981
165685 895
274881 571
808349 962
931682 797
935360 681
949389 231
271174 488
151040 528
49597 102
820865 688
20272 431
852515 368
778392 253
411703 649
43199 134
392524 92
857324 672
807776 275
266803 328
878692 221
401012 914
27573 363
135603 630
439928 320
115098 637
38440 152
186759 866
407148 634
971465 828
583077 598
334494 702
308169 505
16930 286
739057 553
527779 755
944349 221
104100 890
105146 857
415769 894
72355 379
341219 491
599987 916
475223 670
329353 617
249819 454
424453 865
703036 450
734265 887
52829 263
52498 224
845575 487
392491 604
515086 533
475931 107
467961 805
29617 530
396566 105
751409 109
594480 985
511524 426
615989 866
356161 85
196292 155
545731 884
859105 279
880659 59
328116 804
397001 857
600418 901
374309 273
20551 836
777415 956
552295 907
254189 165
946363 413
589021 686
176610 144
769794 654
747019 949
741192 274
347646 249
362447 144
421545 359
294116 668
738933 978
476166 425
18017 175
376390 183
962861 307
926805 392
355803 430
503037 375
901393 687
62554 492
852293 161
465770 838
16096 275
574621 609
629496 649
936712 716
64546 974
704192 581
456219 347
934864 855
932020 892
478024 171
70528 107
715924 561
983353 672
504990 992
736337 522
435678 678
105615 759
422117 106
707830 845
78337 820
186532 854
101504 780
297542 479
487303 263
773289 133
324457 688
531058 401
282651 544
541637 927
365449 524
306725 158
704958 241
996177 980
729234 167
51598 805
759983 144
278548 255
726932 75
331827 558
119631 657
685507 213
62482 435
479799 772
289194 476
830977 183
438168 647
633815 481
340933 160
393294 496
942643 364
911663 441
846848 949
120220 287
452358 135
72389 183
537717 208
18285 18
247198 759
962031 799
19013 16
840107 380
677190 669
790899 916
652660 11
251442 856
939425 291
689736 207
115836 2
184114 765
4182 441
209509 18
518282 899
426246 161
584756 846
213924 651
447200 805
61488 727
443952 400
391320 105
618150 930
579565 135
473036 195
351033 883
837325 316
689092 294
623928 483
954849 957
995773 251
596781 389
82017 167
152470 924
110580 314
71889 681
627461 712
573053 957
673509 567
450493 468
223112 668
307103 174
326625 558
492618 956
588451 256
114766 320
648620 787
607609 734
849572 485
880714 553
961416 102
654814 914
308744 851
460983 712
126583 37
453118 110
104021 898
746950 850
415190 296
731703 659
288599 958
727707 680
825933 815
808623 115
95915 141
956903 476
272737 240
346453 949
345524 626
108919 193
594932 510
512925 793
544535 128
293078 985
187518 289
268557 868
177547 695
473782 351
297127 243
741173 286
627176 569
426119 335
747574 139
64141 173
901408 265
409458 850
666453 734
442085 63
136612 847
60018 797
674344 968
294677 584
413039 85
961561 221
541957 941
458064 509
808747 793
703374 830
201288 748
763843 369
594917 593
667589 855
383701 512
608973 900
190338 396
183706 919
363818 788
892220 583
640102 878
333364 642
7424 264
501505 727
451260 952
287693 514
880768 63
602970 770
831330 944
944049 717
37766 510
870620 406
41632 18
658750 31
717643 640
163036 948
761800 875
9105 977
937466 479
200975 207
592771 39
417018 121
618401 139
896833 965
925555 434
474191 533
945813 836
241374 17
627558 348
653617 616
821704 989
296721 979
5045 430
126142 252
960559 807
431951 433
4922 92
90572 30
32664 284
880387 961
604847 131
7064 164
375020 63
83542 679
3690 33
457586 571
618556 567
58331 33
825472 455
465889 815
538723 532
248403 656
569054 812
286744 250
291455 870
589477 370
27641 727
715286 20
801001 737
19155 657
932613 988
326573 863
711968 715
268068 449
185934 727
