82 137
4 222
82 1
82 55
82 38
82 463
82 15
82 55
82 101
82 118
82 31
82 289
82 82
82 49
82 15
82 104
82 330
82 49
4 36
82 104
82 56
82 298
82 254
82 305
82 183
82 41
82 429
82 83
82 49
82 53
82 158
4 236
82 288
82 394
82 104
82 294
82 249
82 298
82 95
82 420
82 70
82 57
82 118
4 294
82 288
82 86
82 64
82 109
82 36
82 20
82 79
82 186
82 63
82 153
82 70
82 156
4 222
82 223
82 394
82 212
4 36
82 1
82 245
82 156
82 1
82 38
4 236
82 33
82 194
82 305
82 145
82 63
82 56
82 163
82 57
82 37
82 212
82 72
82 57
4 236
82 83
82 429
82 56
82 156
82 20
82 65
4 222
82 141
82 181
82 156
82 20
82 179
82 15
82 52
82 153
4 49
82 49
82 22
4 36
82 36
4 361
82 36
82 83
82 305
4 394
4 66
82 31
82 33
82 89
82 343
82 162
82 55
82 36
82 33
82 95
82 65
82 82
82 361
82 236
82 137
82 67
82 2
82 95
82 1
82 63
82 288
4 49
82 245
82 43
4 66
82 83
82 245
82 49
82 2
82 361
82 1
82 49
82 298
82 128
82 179
82 128
82 104
82 206
82 298
82 126
4 36
4 236
82 202
82 79
82 20
82 126
4 49
82 95
82 186
82 224
82 75
82 301
82 236
82 89
82 118
82 223
82 36
82 249
82 224
82 294
82 330
4 222
4 361
82 83
4 361
82 128
82 330
82 298
82 33
82 31
4 294
82 181
82 145
82 126
82 101
82 245
82 83
82 29
82 289
82 289
82 348
82 158
4 36
82 129
82 75
82 101
82 343
4 236
82 158
82 2
82 305
82 429
82 52
82 129
82 137
82 425
82 65
82 101
82 223
82 163
82 222
82 49
82 153
82 56
82 70
82 289
4 222
82 29
82 253
82 289
82 36
82 9
82 75
82 118
82 91
4 36
4 222
82 153
4 361
82 118
82 64
82 224
82 420
82 108
82 22
4 36
82 128
82 156
82 82
82 15
4 222
82 75
82 158
82 108
82 206
82 420
4 49
82 163
82 9
82 186
82 420
82 179
82 38
82 15
82 72
82 9
82 222
82 206
82 86
82 206
82 141
82 43
4 222
82 8
82 66
82 88
82 91
82 29
82 97
82 109
82 158
82 64
82 82
82 463
82 213
82 79
4 64
82 108
82 183
82 223
82 38
4 49
82 330
4 361
82 63
4 64
4 36
82 206
82 88
82 69
82 91
82 79
82 83
82 183
82 343
82 83
4 49
82 129
82 245
82 145
82 89
82 64
82 254
4 236
82 181
82 129
82 206
4 49
82 49
82 420
82 141
82 65
82 301
82 330
82 137
82 305
82 348
82 104
82 104
82 86
82 194
82 194
82 89
82 420
82 57
82 245
82 91
82 206
82 153
82 254
82 420
82 97
82 55
82 65
82 301
82 29
82 65
82 33
82 163
82 72
82 65
82 206
82 109
82 79
82 52
82 249
82 57
82 330
4 361
82 330
82 394
82 145
82 288
4 222
82 141
82 83
82 79
82 65
82 33
82 70
82 130
82 463
82 236
82 194
82 222
82 212
82 7
82 361
4 294
82 95
82 52
82 158
82 222
82 108
82 429
82 89
82 425
82 223
82 22
82 141
82 63
82 141
82 53
82 29
82 2
82 137
82 343
82 245
82 194
82 253
4 36
4 394
82 95
82 83
82 254
4 236
4 361
82 348
4 394
82 24
82 49
82 181
82 37
82 89
82 65
82 95
82 56
82 181
82 79
82 31
82 301
4 64
82 104
82 298
82 8
82 289
82 1
82 49
82 43
82 56
4 66
82 212
82 126
82 36
82 33
82 33
82 126
82 104
82 348
82 129
82 72
82 420
82 194
4 236
82 236
82 89
82 301
82 56
82 236
82 66
82 55
82 420
82 88
82 158
82 245
82 288
82 162
82 156
82 463
82 288
82 69
82 289
82 249
82 298
82 65
82 91
82 463
82 156
82 222
82 64
82 7
82 223
4 236
82 222
82 301
