82 78
82 51
82 15
82 74
82 415
82 74
82 411
4 647
82 193
82 63
82 226
82 259
82 217
82 292
82 187
82 65
82 143
82 198
82 334
82 109
82 189
82 14
82 121
82 498
82 25
82 181
82 167
82 8
82 79
82 245
82 35
82 8
82 99
82 363
82 105
82 20
82 18
82 199
82 187
82 158
82 65
82 121
82 105
82 415
82 273
82 63
82 154
82 19
82 121
82 622
82 47
82 530
82 14
82 160
82 65
82 217
82 79
82 622
82 14
82 62
82 136
82 9
82 58
82 40
82 197
82 121
82 32
82 121
82 197
82 15
82 127
82 62
82 2
82 363
82 136
82 132
82 292
82 167
82 189
82 89
82 5
82 32
82 59
82 132
82 24
82 187
82 39
82 66
82 65
82 200
82 154
82 5
82 879
82 105
82 207
82 193
82 58
82 109
82 9
82 334
82 647
82 19
82 99
82 55
82 2
82 363
82 12
82 530
82 69
82 213
82 193
82 74
82 62
82 879
82 147
82 622
82 15
82 411
82 102
82 147
82 51
82 8
82 154
82 143
82 132
82 71
82 71
82 175
82 18
82 158
82 213
82 175
82 9
82 105
82 109
82 167
82 121
82 83
82 59
82 175
82 19
82 9
82 879
82 119
82 175
82 198
82 20
82 40
82 164
82 5
82 132
82 197
82 647
82 118
82 127
82 342
82 9
82 66
82 181
82 181
82 193
82 485
82 89
82 193
82 119
82 102
82 662
82 2
82 411
82 962
82 51
82 20
82 154
82 89
82 213
82 99
82 153
82 197
82 2
82 99
82 325
82 685
82 62
82 158
82 189
82 55
82 65
82 411
82 199
82 59
82 58
82 273
82 485
82 325
82 121
82 141
82 3
82 962
82 40
82 160
82 160
82 24
82 19
82 127
82 200
82 334
82 25
82 962
82 109
82 199
82 24
82 485
82 245
82 102
82 141
82 214
82 71
82 127
82 292
82 193
82 9
82 685
82 84
82 18
82 2
82 181
82 59
82 83
82 143
82 59
82 136
82 16
82 12
82 662
82 69
82 160
82 81
82 295
82 193
4 647
82 5
82 63
82 20
82 58
82 498
82 66
82 342
82 58
82 126
82 143
82 415
82 15
82 126
82 121
82 485
82 69
82 141
82 102
82 334
82 84
82 109
82 147
82 8
82 154
82 78
82 213
82 63
82 181
82 181
82 197
82 295
82 622
82 622
82 84
82 167
82 78
82 66
82 54
82 58
82 189
82 68
82 109
82 411
82 75
82 189
82 78
82 198
82 84
82 14
82 164
82 69
82 18
82 121
82 25
82 65
82 622
82 245
82 109
82 766
82 685
82 766
82 962
82 530
82 415
82 74
82 334
82 63
82 662
82 105
82 19
82 189
82 3
82 622
82 213
82 213
82 79
82 56
82 54
82 415
82 63
82 8
82 126
82 213
82 160
82 143
82 55
82 9
82 47
82 89
82 127
82 685
82 213
82 24
82 530
82 24
82 207
82 143
82 245
82 39
82 685
4 647
82 662
82 74
82 147
82 199
82 16
82 197
82 25
82 325
82 766
82 96
82 622
82 167
82 164
82 56
82 498
82 292
82 19
82 66
82 83
82 200
82 198
82 334
82 259
82 25
82 54
82 71
82 342
82 55
82 217
82 207
82 8
82 96
82 32
82 19
82 81
82 498
82 56
82 154
82 214
82 20
82 167
82 24
82 56
82 54
82 622
82 66
82 47
82 213
82 207
82 105
82 25
82 96
82 207
82 78
82 647
82 83
82 20
82 200
82 63
82 622
82 530
82 40
82 766
82 363
82 83
82 167
82 83
82 16
82 89
82 109
82 334
82 175
82 47
82 962
82 59
82 214
82 9
82 141
82 109
82 14
82 274
82 274
82 74
82 14
82 164
82 167
82 5
82 342
82 14
82 126
82 102
82 59
82 217
82 78
82 121
82 119
82 200
4 647
82 158
82 96
82 189
82 962
82 214
82 197
82 63
82 160
82 40
82 498
82 187
82 411
82 189
82 207
82 65
82 292
82 273
82 39
82 198
82 9
82 63
82 530
82 102
82 647
82 84
82 12
82 411
82 187
82 200
82 530
82 160
82 12
82 199
82 99
82 207
82 35
82 198
82 411
82 879
82 647
82 24
82 181
82 200
82 766
82 79
82 189
82 3
82 79
82 32
82 2
82 132
82 55
82 189
82 485
82 9
82 325
82 118
82 226
82 12
82 16
82 647
82 274
82 15
82 66
82 295
82 119
82 2
82 40
82 96
82 119
82 102
82 47
82 19
82 83
4 647
82 189
4 647
82 118
82 175
82 164
82 199
82 207
82 199
82 74
82 118
82 75
82 200
82 105
82 197
82 622
82 89
82 79
82 662
82 74
82 81
82 35
82 143
82 12
82 109
82 143
82 126
82 485
4 647
82 193
82 213
82 54
82 175
82 74
82 14
4 647
82 56
82 121
82 54
82 273
82 16
82 58
82 102
82 295
82 99
82 198
82 530
82 207
82 47
82 126
82 164
82 20
82 5
82 55
82 25
82 245
82 25
82 662
82 79
82 962
82 59
82 19
82 274
82 54
82 325
82 164
82 20
82 75
4 647
82 200
82 200
82 121
82 14
82 622
82 65
82 25
82 14
82 295
82 662
82 51
82 411
82 109
82 274
82 245
82 68
82 12
82 136
82 20
82 89
82 274
82 15
82 879
82 55
82 198
82 197
82 119
82 66
82 119
82 962
82 189
82 89
82 127
82 415
82 175
82 20
82 685
82 647
82 167
82 766
82 34
82 485
82 18
82 65
82 9
4 647
82 39
82 160
82 485
82 63
82 55
82 78
82 9
82 198
82 58
82 81
82 167
82 14
82 9
82 56
82 662
82 39
82 58
82 160
82 141
82 96
82 274
82 81
82 160
82 109
82 74
82 20
82 5
82 158
82 879
82 295
82 101
82 79
82 153
82 15
82 274
82 198
82 685
82 59
82 245
82 213
82 127
82 65
82 121
82 245
82 8
82 485
82 84
82 56
82 35
82 71
82 295
82 8
82 75
82 199
82 295
82 96
82 160
82 12
82 197
82 2
82 69
82 167
82 411
82 207
82 127
82 181
4 647
82 32
4 647
82 622
82 189
82 105
82 143
82 175
82 295
82 84
82 62
82 132
82 175
82 292
82 58
82 118
82 181
82 662
82 65
82 167
82 3
82 147
82 181
82 259
82 295
82 273
82 498
82 121
82 96
82 187
82 498
82 69
82 498
82 54
82 81
82 14
82 51
82 141
82 200
82 62
82 226
82 118
82 34
82 99
82 25
82 12
82 175
82 68
82 119
82 24
82 213
82 127
82 40
82 16
82 143
82 69
82 81
82 164
82 485
82 119
82 147
82 119
82 20
82 259
82 34
82 498
82 141
82 197
82 71
82 35
82 962
82 24
82 74
82 32
82 35
82 105
82 35
82 51
82 39
4 647
82 259
82 197
82 662
82 84
82 199
82 662
82 153
82 136
82 59
82 226
82 136
82 109
82 58
82 79
82 78
82 5
82 164
82 132
82 5
82 498
82 217
82 962
4 647
82 25
82 8
82 193
82 96
82 5
4 647
82 197
82 74
82 273
82 181
82 47
82 181
82 158
82 71
82 54
82 14
82 56
82 962
82 2
82 102
82 181
82 105
82 15
82 530
4 647
82 5
82 198
82 200
82 32
82 411
82 647
82 40
82 181
82 105
82 647
82 51
82 63
82 89
82 962
82 685
82 226
82 207
82 136
82 647
82 217
82 127
82 96
82 24
82 164
82 81
82 71
82 295
82 19
82 363
82 66
82 189
82 164
4 647
82 39
82 99
82 9
82 84
82 766
82 662
82 530
82 105
82 15
82 99
82 89
82 119
82 65
82 245
82 685
82 200
82 99
82 68
82 109
82 647
82 81
82 415
82 84
82 68
82 193
82 164
82 198
82 63
82 685
82 127
82 273
82 274
82 197
82 74
82 334
82 136
82 207
82 18
82 66
82 181
82 101
82 325
82 83
82 325
82 99
82 200
82 2
82 12
82 259
82 485
82 32
82 66
82 295
82 662
82 189
82 292
82 9
82 35
82 160
82 342
82 24
82 65
82 485
82 119
82 96
82 295
82 101
82 32
82 141
82 39
82 14
82 485
82 105
82 295
82 62
82 226
82 121
82 66
82 32
82 259
82 109
82 14
82 16
82 81
82 136
82 415
82 59
82 622
82 12
82 292
82 71
82 12
82 14
82 415
82 136
82 12
82 56
82 136
82 15
82 213
82 411
82 154
82 143
82 62
82 105
82 78
82 363
82 132
82 325
82 3
82 415
82 136
82 16
82 136
82 58
82 118
82 79
82 99
82 259
82 342
82 59
82 334
82 59
82 59
4 647
82 65
82 2
82 105
82 154
82 51
82 16
82 200
82 5
82 3
82 879
82 213
82 415
